<?xml version="1.0" encoding="UTF-8"?>
<!-- Generated by org.testng.reporters.JUnitXMLReporter -->
<testsuite ignored="0" hostname="DESKTOP-GVB5AQ3" failures="0" tests="1" name="Test-runner-edge" time="21.11" errors="0" timestamp="2023-08-31T15:37:28 IST">
  <testcase classname="vtiger.OrganizationTest.CreateOrgWithIndustryAndVendorTypeTest" name="createOrgWithIndustryAndVendorTypeTest" time="8.66"/>
</testsuite> <!-- Test-runner-edge -->
