<?xml version="1.0" encoding="UTF-8"?>
<!-- Generated by org.testng.reporters.JUnitReportReporter -->
<testsuite hostname="DESKTOP-GVB5AQ3" failures="0" tests="5" name="vtiger.ContactsTest.CreateMultipleOrgWithIndustry" time="105.781" errors="0" timestamp="2023-08-28T15:03:26 IST" skipped="0">
  <testcase classname="vtiger.ContactsTest.CreateMultipleOrgWithIndustry" name="createMultipleOrg" time="21.313"/>
  <system-out/>
  <testcase classname="vtiger.ContactsTest.CreateMultipleOrgWithIndustry" name="createMultipleOrg" time="21.350"/>
  <system-out/>
  <testcase classname="vtiger.ContactsTest.CreateMultipleOrgWithIndustry" name="createMultipleOrg" time="21.278"/>
  <system-out/>
  <testcase classname="vtiger.ContactsTest.CreateMultipleOrgWithIndustry" name="createMultipleOrg" time="21.335"/>
  <system-out/>
  <testcase classname="vtiger.ContactsTest.CreateMultipleOrgWithIndustry" name="createMultipleOrg" time="20.505"/>
  <system-out/>
</testsuite> <!-- vtiger.ContactsTest.CreateMultipleOrgWithIndustry -->
