<?xml version="1.0" encoding="UTF-8"?>
<!-- Generated by org.testng.reporters.JUnitReportReporter -->
<testsuite hostname="DESKTOP-GVB5AQ3" failures="0" tests="4" name="practice_chaitramam.DataProviderPractice" time="0.014" errors="0" timestamp="2023-08-22T16:00:39 IST" skipped="0">
  <testcase classname="practice_chaitramam.DataProviderPractice" name="addToCart" time="0.001"/>
  <system-out/>
  <testcase classname="practice_chaitramam.DataProviderPractice" name="addToCart" time="0.001"/>
  <system-out/>
  <testcase classname="practice_chaitramam.DataProviderPractice" name="addToCart" time="0.001"/>
  <system-out/>
  <testcase classname="practice_chaitramam.DataProviderPractice" name="addToCart" time="0.011"/>
  <system-out/>
</testsuite> <!-- practice_chaitramam.DataProviderPractice -->
