<?xml version="1.0" encoding="UTF-8"?>
<!-- Generated by org.testng.reporters.JUnitReportReporter -->
<testsuite hostname="DESKTOP-GVB5AQ3" failures="0" tests="1" name="testScripts.LoginTest" time="9.561" errors="0" timestamp="2023-07-06T16:36:43 IST" skipped="0">
  <testcase classname="testScripts.LoginTest" name="login" time="9.561"/>
  <system-out>
    <![CDATA[login successful]]>
  </system-out>
</testsuite> <!-- testScripts.LoginTest -->
