<?xml version="1.0" encoding="UTF-8"?>
<!-- Generated by org.testng.reporters.JUnitReportReporter -->
<testsuite hostname="DESKTOP-GVB5AQ3" failures="0" tests="1" name="practiceTestNG.CreateOrgTest" time="12.736" errors="0" timestamp="2023-08-25T16:06:49 IST" skipped="0">
  <testcase classname="practiceTestNG.CreateOrgTest" name="createOrg" time="12.736"/>
  <system-out/>
</testsuite> <!-- practiceTestNG.CreateOrgTest -->
