<?xml version="1.0" encoding="UTF-8"?>
<!-- Generated by org.testng.reporters.JUnitReportReporter -->
<testsuite hostname="DESKTOP-GVB5AQ3" failures="0" tests="4" name="practiceTestNG.TestNGClass" time="0.008" errors="0" timestamp="2023-08-11T09:05:33 IST" skipped="0">
  <testcase classname="practiceTestNG.TestNGClass" name="deletedProduct" time="0.007"/>
  <system-out/>
  <testcase classname="practiceTestNG.TestNGClass" name="deletedProduct" time="0.000"/>
  <system-out/>
  <testcase classname="practiceTestNG.TestNGClass" name="modifiedProduct" time="0.001"/>
  <system-out/>
  <testcase classname="practiceTestNG.TestNGClass" name="createProduct" time="0.000"/>
  <system-out/>
</testsuite> <!-- practiceTestNG.TestNGClass -->
