<?xml version="1.0" encoding="UTF-8"?>
<!-- Generated by org.testng.reporters.JUnitReportReporter -->
<testsuite hostname="DESKTOP-GVB5AQ3" failures="0" tests="1" name="vtiger.OrganizationTest.CreateOrgWithIndustryAndVendorTypeTest" time="12.658" errors="0" timestamp="2023-09-20T11:49:51 IST" skipped="0">
  <testcase classname="vtiger.OrganizationTest.CreateOrgWithIndustryAndVendorTypeTest" name="createOrgWithIndustryAndVendorTypeTest" time="12.658"/>
  <system-out/>
</testsuite> <!-- vtiger.OrganizationTest.CreateOrgWithIndustryAndVendorTypeTest -->
