<?xml version="1.0" encoding="UTF-8"?>
<!-- Generated by org.testng.reporters.JUnitReportReporter -->
<testsuite hostname="DESKTOP-GVB5AQ3" failures="0" tests="4" name="testNG.practice_chaitra.DataProviderTest" time="0.017" errors="0" timestamp="2023-08-22T16:02:53 IST" skipped="0">
  <testcase classname="testNG.practice_chaitra.DataProviderTest" name="addToCart" time="0.002"/>
  <system-out/>
  <testcase classname="testNG.practice_chaitra.DataProviderTest" name="addToCart" time="0.001"/>
  <system-out/>
  <testcase classname="testNG.practice_chaitra.DataProviderTest" name="addToCart" time="0.001"/>
  <system-out/>
  <testcase classname="testNG.practice_chaitra.DataProviderTest" name="addToCart" time="0.013"/>
  <system-out/>
</testsuite> <!-- testNG.practice_chaitra.DataProviderTest -->
