<?xml version="1.0" encoding="UTF-8"?>
<!-- Generated by org.testng.reporters.JUnitReportReporter -->
<testsuite hostname="DESKTOP-GVB5AQ3" failures="0" tests="1" name="vtiger.ContactsTest.CreateContactWithOrganizationTest" time="18.428" errors="0" timestamp="2023-09-20T10:03:06 IST" skipped="0">
  <testcase classname="vtiger.ContactsTest.CreateContactWithOrganizationTest" name="createContactWithOrgTest" time="18.428"/>
  <system-out/>
</testsuite> <!-- vtiger.ContactsTest.CreateContactWithOrganizationTest -->
