<?xml version="1.0" encoding="UTF-8"?>
<!-- Generated by org.testng.reporters.JUnitReportReporter -->
<testsuite hostname="DESKTOP-GVB5AQ3" failures="0" tests="1" name="vtiger.ProductsTest.CreateProductWithCampaignTest" time="30.006" errors="0" timestamp="2023-09-25T14:09:13 IST" skipped="0">
  <testcase classname="vtiger.ProductsTest.CreateProductWithCampaignTest" name="createProductWithCampaignTest" time="30.006"/>
  <system-out/>
</testsuite> <!-- vtiger.ProductsTest.CreateProductWithCampaignTest -->
